<?xml version="1.0" encoding="UTF-8"?>
<testng-results ignored="0" total="1" passed="1" failed="0" skipped="0">
  <reporter-output>
  </reporter-output>
  <suite started-at="2025-02-12T19:11:20 IST" name="Surefire suite" finished-at="2025-02-12T19:11:20 IST" duration-ms="13">
    <groups>
    </groups>
    <test started-at="2025-02-12T19:11:20 IST" name="Surefire test" finished-at="2025-02-12T19:11:20 IST" duration-ms="13">
      <class name="com.example.CalculatorTest">
        <test-method signature="testAdd()[pri:0, instance:com.example.CalculatorTest@1ad282e0]" started-at="2025-02-12T19:11:20 IST" name="testAdd" finished-at="2025-02-12T19:11:20 IST" duration-ms="2" status="PASS">
          <reporter-output>
          </reporter-output>
        </test-method> <!-- testAdd -->
      </class> <!-- com.example.CalculatorTest -->
    </test> <!-- Surefire test -->
  </suite> <!-- Surefire suite -->
</testng-results>
